{"level":"error","message":"Index.js errorIndex.js error","stack":"Error: Index.js error\n    at Object.<anonymous> (D:\\Ty\\Dropbox\\programming\\Javascript\\nodejs\\vidly\\index.js:40:7)\n    at Module._compile (internal/modules/cjs/loader.js:778:30)\n    at Object.Module._extensions..js (internal/modules/cjs/loader.js:789:10)\n    at Module.load (internal/modules/cjs/loader.js:653:32)\n    at tryModuleLoad (internal/modules/cjs/loader.js:593:12)\n    at Function.Module._load (internal/modules/cjs/loader.js:585:3)\n    at Function.Module.runMain (internal/modules/cjs/loader.js:831:12)\n    at startup (internal/bootstrap/node.js:283:19)\n    at bootstrapNodeJSCore (internal/bootstrap/node.js:622:3)"}
{"level":"error","message":"Index.js errorIndex.js error","stack":"Error: Index.js error\n    at Object.<anonymous> (D:\\Ty\\Dropbox\\programming\\Javascript\\nodejs\\vidly\\index.js:40:7)\n    at Module._compile (internal/modules/cjs/loader.js:778:30)\n    at Object.Module._extensions..js (internal/modules/cjs/loader.js:789:10)\n    at Module.load (internal/modules/cjs/loader.js:653:32)\n    at tryModuleLoad (internal/modules/cjs/loader.js:593:12)\n    at Function.Module._load (internal/modules/cjs/loader.js:585:3)\n    at Function.Module.runMain (internal/modules/cjs/loader.js:831:12)\n    at startup (internal/bootstrap/node.js:283:19)\n    at bootstrapNodeJSCore (internal/bootstrap/node.js:622:3)"}
{"level":"error","message":"Something failed in the index!Something failed in the index!","stack":"Error: Something failed in the index!\n    at Object.<anonymous> (D:\\Ty\\Dropbox\\programming\\Javascript\\nodejs\\vidly\\index.js:46:26)\n    at Module._compile (internal/modules/cjs/loader.js:778:30)\n    at Object.Module._extensions..js (internal/modules/cjs/loader.js:789:10)\n    at Module.load (internal/modules/cjs/loader.js:653:32)\n    at tryModuleLoad (internal/modules/cjs/loader.js:593:12)\n    at Function.Module._load (internal/modules/cjs/loader.js:585:3)\n    at Function.Module.runMain (internal/modules/cjs/loader.js:831:12)\n    at startup (internal/bootstrap/node.js:283:19)\n    at bootstrapNodeJSCore (internal/bootstrap/node.js:622:3)"}
{"level":"error","message":"Something failed in the index!Something failed in the index!","stack":"Error: Something failed in the index!\n    at Object.<anonymous> (D:\\Ty\\Dropbox\\programming\\Javascript\\nodejs\\vidly\\index.js:46:26)\n    at Module._compile (internal/modules/cjs/loader.js:778:30)\n    at Object.Module._extensions..js (internal/modules/cjs/loader.js:789:10)\n    at Module.load (internal/modules/cjs/loader.js:653:32)\n    at tryModuleLoad (internal/modules/cjs/loader.js:593:12)\n    at Function.Module._load (internal/modules/cjs/loader.js:585:3)\n    at Function.Module.runMain (internal/modules/cjs/loader.js:831:12)\n    at startup (internal/bootstrap/node.js:283:19)\n    at bootstrapNodeJSCore (internal/bootstrap/node.js:622:3)"}
{"level":"error","message":"Something failed in the index!Something failed in the index!","stack":"Error: Something failed in the index!\n    at Object.<anonymous> (D:\\Ty\\Dropbox\\programming\\Javascript\\nodejs\\vidly\\index.js:46:26)\n    at Module._compile (internal/modules/cjs/loader.js:778:30)\n    at Object.Module._extensions..js (internal/modules/cjs/loader.js:789:10)\n    at Module.load (internal/modules/cjs/loader.js:653:32)\n    at tryModuleLoad (internal/modules/cjs/loader.js:593:12)\n    at Function.Module._load (internal/modules/cjs/loader.js:585:3)\n    at Function.Module.runMain (internal/modules/cjs/loader.js:831:12)\n    at startup (internal/bootstrap/node.js:283:19)\n    at bootstrapNodeJSCore (internal/bootstrap/node.js:622:3)"}
{"message":"Listening on port 3000","level":"info"}
{"message":"Listening on port 3000","level":"info"}
{"message":"Listening on port 3000","level":"info"}
{"message":"Connected to MongoDB...","level":"info"}
{"message":"Listening on port 3000","level":"info"}
{"message":"Connected to MongoDB...","level":"info"}
{"message":"Listening on port 3000","level":"info"}
{"message":"Connected to MongoDB...","level":"info"}
{"message":"Listening on port 3000","level":"info"}
{"message":"Connected to MongoDB...","level":"info"}
{"message":"Listening on port 3000","level":"info"}
{"message":"Connected to MongoDB...","level":"info"}
{"message":"Listening on port 3000","level":"info"}
{"message":"Connected to MongoDB...","level":"info"}
{"message":"Listening on port 3000","level":"info"}
{"message":"Listening on port 3000","level":"info"}
{"message":"Connected to MongoDB...","level":"info"}
{"level":"error"}
{"message":"Listening on port 3000","level":"info"}
{"message":"Connected to MongoDB...","level":"info"}
{"message":"Listening on port 3000","level":"info"}
{"message":"Connected to MongoDB...","level":"info"}
{"message":"Listening on port 3000","level":"info"}
{"message":"Connected to MongoDB...","level":"info"}
{"level":"error","message":"Error: Could not get the courses.Could not get the courses.","stack":"Error: Could not get the courses.\n    at router.get (D:\\Ty\\Dropbox\\programming\\Javascript\\nodejs\\vidly\\routes\\courses.js:20:11)\n    at newFn (D:\\Ty\\Dropbox\\programming\\Javascript\\nodejs\\vidly\\node_modules\\express-async-errors\\index.js:16:20)\n    at Layer.handle [as handle_request] (D:\\Ty\\Dropbox\\programming\\Javascript\\nodejs\\vidly\\node_modules\\express\\lib\\router\\layer.js:95:5)\n    at next (D:\\Ty\\Dropbox\\programming\\Javascript\\nodejs\\vidly\\node_modules\\express\\lib\\router\\route.js:137:13)\n    at Route.dispatch (D:\\Ty\\Dropbox\\programming\\Javascript\\nodejs\\vidly\\node_modules\\express\\lib\\router\\route.js:112:3)\n    at newFn (D:\\Ty\\Dropbox\\programming\\Javascript\\nodejs\\vidly\\node_modules\\express-async-errors\\index.js:16:20)\n    at Layer.handle [as handle_request] (D:\\Ty\\Dropbox\\programming\\Javascript\\nodejs\\vidly\\node_modules\\express\\lib\\router\\layer.js:95:5)\n    at D:\\Ty\\Dropbox\\programming\\Javascript\\nodejs\\vidly\\node_modules\\express\\lib\\router\\index.js:281:22\n    at Function.process_params (D:\\Ty\\Dropbox\\programming\\Javascript\\nodejs\\vidly\\node_modules\\express\\lib\\router\\index.js:335:12)\n    at next (D:\\Ty\\Dropbox\\programming\\Javascript\\nodejs\\vidly\\node_modules\\express\\lib\\router\\index.js:275:10)\n    at Function.handle (D:\\Ty\\Dropbox\\programming\\Javascript\\nodejs\\vidly\\node_modules\\express\\lib\\router\\index.js:174:3)\n    at router (D:\\Ty\\Dropbox\\programming\\Javascript\\nodejs\\vidly\\node_modules\\express\\lib\\router\\index.js:47:12)\n    at newFn (D:\\Ty\\Dropbox\\programming\\Javascript\\nodejs\\vidly\\node_modules\\express-async-errors\\index.js:16:20)\n    at Layer.handle [as handle_request] (D:\\Ty\\Dropbox\\programming\\Javascript\\nodejs\\vidly\\node_modules\\express\\lib\\router\\layer.js:95:5)\n    at trim_prefix (D:\\Ty\\Dropbox\\programming\\Javascript\\nodejs\\vidly\\node_modules\\express\\lib\\router\\index.js:317:13)\n    at D:\\Ty\\Dropbox\\programming\\Javascript\\nodejs\\vidly\\node_modules\\express\\lib\\router\\index.js:284:7\n    at Function.process_params (D:\\Ty\\Dropbox\\programming\\Javascript\\nodejs\\vidly\\node_modules\\express\\lib\\router\\index.js:335:12)\n    at next (D:\\Ty\\Dropbox\\programming\\Javascript\\nodejs\\vidly\\node_modules\\express\\lib\\router\\index.js:275:10)\n    at D:\\Ty\\Dropbox\\programming\\Javascript\\nodejs\\vidly\\node_modules\\express\\lib\\router\\index.js:635:15\n    at next (D:\\Ty\\Dropbox\\programming\\Javascript\\nodejs\\vidly\\node_modules\\express\\lib\\router\\index.js:260:14)\n    at Function.handle (D:\\Ty\\Dropbox\\programming\\Javascript\\nodejs\\vidly\\node_modules\\express\\lib\\router\\index.js:174:3)\n    at router (D:\\Ty\\Dropbox\\programming\\Javascript\\nodejs\\vidly\\node_modules\\express\\lib\\router\\index.js:47:12)"}
{"message":"Listening on port 3000","level":"info"}
{"message":"Connected to MongoDB...","level":"info"}
{"message":"{}","level":"error"}
{"message":"Listening on port 3000","level":"info"}
{"message":"Connected to MongoDB...","level":"info"}
{"message":"Listening on port 3000","level":"info"}
{"level":"error"}
{"message":"Connected to MongoDB...","level":"info"}
{"message":"Listening on port 3000","level":"info"}
{"message":"Connected to MongoDB...","level":"info"}
